2025-03-16 18:07:01,604 - INFO - Loading data from california_housing.csv...
2025-03-16 18:07:01,618 - INFO - Data loaded successfully!
2025-03-16 18:07:01,619 - INFO - Reading last 100 rows of the dataset as test set...
2025-03-16 18:07:01,620 - INFO - <BrokerConnection client_id=kafka-python-producer-12, node_id=bootstrap-0 host=localhost:9092 <connecting> [IPv4 ('127.0.0.1', 9092)]>: connecting to localhost:9092 [('127.0.0.1', 9092) IPv4]
2025-03-16 18:07:01,621 - INFO - Broker version identified as 2.6
2025-03-16 18:07:01,622 - INFO - <BrokerConnection client_id=kafka-python-producer-12, node_id=bootstrap-0 host=localhost:9092 <checking_api_versions_recv> [IPv4 ('127.0.0.1', 9092)]>: Connection complete.
2025-03-16 18:07:01,623 - INFO - 
Starting Data Streaming to Kafka...

2025-03-16 18:07:01,625 - INFO - Sent Message ID: 0, Timestamp: 2025-03-16 18:07:01, Features: [3.1908, 16.0, 4.386792452830188, 0.981132075471698, 1386.0, 2.179245283018868, 38.54, -121.72], Actual Price: 1.9430
2025-03-16 18:07:01,625 - INFO - <BrokerConnection client_id=kafka-python-producer-12, node_id=0 host=system:9092 <connecting> [IPv4 ('127.0.1.1', 9092)]>: connecting to system:9092 [('127.0.1.1', 9092) IPv4]
2025-03-16 18:07:01,626 - INFO - <BrokerConnection client_id=kafka-python-producer-12, node_id=0 host=system:9092 <checking_api_versions_send> [IPv4 ('127.0.1.1', 9092)]>: Connection complete.
2025-03-16 18:07:01,626 - INFO - <BrokerConnection client_id=kafka-python-producer-12, node_id=bootstrap-0 host=localhost:9092 <connected> [IPv4 ('127.0.0.1', 9092)]>: Closing connection. 
2025-03-16 18:07:02,627 - INFO - Sent Message ID: 1, Timestamp: 2025-03-16 18:07:02, Features: [4.6225, 13.0, 6.115695067264574, 1.0385650224215246, 2828.0, 2.536322869955157, 38.54, -121.7], Actual Price: 2.2650
2025-03-16 18:07:03,632 - INFO - Sent Message ID: 2, Timestamp: 2025-03-16 18:07:03, Features: [4.7308, 33.0, 6.575596816976128, 1.013262599469496, 979.0, 2.5968169761273208, 38.55, -121.75], Actual Price: 2.3620
2025-03-16 18:07:04,636 - INFO - Sent Message ID: 3, Timestamp: 2025-03-16 18:07:04, Features: [1.7311, 33.0, 3.882852292020373, 1.0299943406904355, 3717.0, 2.103565365025467, 38.55, -121.74], Actual Price: 1.8260
2025-03-16 18:07:05,642 - INFO - Sent Message ID: 4, Timestamp: 2025-03-16 18:07:05, Features: [2.065, 23.0, 4.80349344978166, 1.013646288209607, 6330.0, 3.455240174672489, 38.55, -121.76], Actual Price: 2.1940
2025-03-16 18:07:06,648 - INFO - Sent Message ID: 5, Timestamp: 2025-03-16 18:07:06, Features: [3.7452, 26.0, 5.11395101171459, 1.0117145899893505, 2199.0, 2.34185303514377, 38.55, -121.75], Actual Price: 2.2770
2025-03-16 18:07:07,654 - INFO - Sent Message ID: 6, Timestamp: 2025-03-16 18:07:07, Features: [3.4559, 47.0, 6.148550724637682, 1.1521739130434785, 775.0, 2.807971014492753, 38.69, -121.77], Actual Price: 1.2310
2025-03-16 18:07:08,658 - INFO - Sent Message ID: 7, Timestamp: 2025-03-16 18:07:08, Features: [2.1927, 43.0, 4.32994923857868, 1.011844331641286, 1820.0, 3.0795262267343486, 38.68, -121.77], Actual Price: 1.0790
2025-03-16 18:07:09,662 - INFO - Sent Message ID: 8, Timestamp: 2025-03-16 18:07:09, Features: [1.3942, 38.0, 3.566137566137566, 0.9417989417989416, 701.0, 3.708994708994709, 38.68, -121.76], Actual Price: 0.6940
2025-03-16 18:07:10,666 - INFO - Sent Message ID: 9, Timestamp: 2025-03-16 18:07:10, Features: [3.7477, 8.0, 5.227138643067847, 1.019174041297935, 2118.0, 3.1238938053097347, 38.69, -121.8], Actual Price: 1.2220
2025-03-16 18:07:11,672 - INFO - Sent Message ID: 10, Timestamp: 2025-03-16 18:07:11, Features: [2.8864, 23.0, 5.60702875399361, 1.02555910543131, 1061.0, 3.389776357827476, 38.69, -121.79], Actual Price: 1.0310
2025-03-16 18:07:12,677 - INFO - Sent Message ID: 11, Timestamp: 2025-03-16 18:07:12, Features: [2.6774, 31.0, 5.00392927308448, 1.051080550098232, 1579.0, 3.102161100196464, 38.69, -121.78], Actual Price: 0.9580
2025-03-16 18:07:13,682 - INFO - Sent Message ID: 12, Timestamp: 2025-03-16 18:07:13, Features: [3.4331, 11.0, 5.1552878179384205, 1.1941097724230254, 1847.0, 2.4725568942436413, 38.68, -121.8], Actual Price: 1.2060
2025-03-16 18:07:14,686 - INFO - Sent Message ID: 13, Timestamp: 2025-03-16 18:07:14, Features: [2.8068, 24.0, 4.391203703703703, 0.9814814814814816, 2225.0, 2.5752314814814814, 38.68, -121.79], Actual Price: 0.9530
2025-03-16 18:07:15,692 - INFO - Sent Message ID: 14, Timestamp: 2025-03-16 18:07:15, Features: [1.9787, 39.0, 4.398119122257054, 1.037617554858934, 1659.0, 2.6003134796238245, 38.68, -121.78], Actual Price: 0.9780
2025-03-16 18:07:16,696 - INFO - Sent Message ID: 15, Timestamp: 2025-03-16 18:07:16, Features: [3.1875, 11.0, 5.286178861788618, 1.0130081300813008, 1700.0, 2.7642276422764227, 38.67, -121.8], Actual Price: 1.7200
2025-03-16 18:07:17,700 - INFO - Sent Message ID: 16, Timestamp: 2025-03-16 18:07:17, Features: [1.951, 17.0, 3.83845126835781, 1.081441922563418, 1876.0, 2.504672897196261, 38.67, -121.79], Actual Price: 1.5250
2025-03-16 18:07:18,705 - INFO - Sent Message ID: 17, Timestamp: 2025-03-16 18:07:18, Features: [2.3468, 43.0, 4.6095471236230114, 1.03671970624235, 1855.0, 2.270501835985312, 38.68, -121.78], Actual Price: 1.1940
2025-03-16 18:07:19,709 - INFO - Sent Message ID: 18, Timestamp: 2025-03-16 18:07:19, Features: [4.5526, 10.0, 5.518518518518518, 1.0052910052910051, 1073.0, 2.8386243386243386, 38.67, -121.8], Actual Price: 1.5440
2025-03-16 18:07:20,715 - INFO - Sent Message ID: 19, Timestamp: 2025-03-16 18:07:20, Features: [4.7222, 30.0, 6.424691358024691, 0.9901234567901236, 981.0, 2.422222222222222, 38.67, -121.79], Actual Price: 1.6720
2025-03-16 18:07:21,720 - INFO - Sent Message ID: 20, Timestamp: 2025-03-16 18:07:21, Features: [4.0556, 38.0, 6.408695652173913, 1.0391304347826087, 1123.0, 2.4413043478260867, 38.67, -121.78], Actual Price: 1.4690
2025-03-16 18:07:22,725 - INFO - Sent Message ID: 21, Timestamp: 2025-03-16 18:07:22, Features: [2.2794, 42.0, 5.0, 0.9700374531835206, 1548.0, 2.898876404494382, 38.67, -121.77], Actual Price: 1.0890
2025-03-16 18:07:23,729 - INFO - Sent Message ID: 22, Timestamp: 2025-03-16 18:07:23, Features: [2.8351, 45.0, 4.780392156862745, 0.9058823529411764, 1415.0, 2.7745098039215685, 38.67, -121.77], Actual Price: 1.0720
2025-03-16 18:07:24,735 - INFO - Sent Message ID: 23, Timestamp: 2025-03-16 18:07:24, Features: [3.125, 9.0, 5.148006785411366, 1.1195928753180662, 6837.0, 2.899491094147583, 38.67, -121.75], Actual Price: 1.3250
2025-03-16 18:07:25,740 - INFO - Sent Message ID: 24, Timestamp: 2025-03-16 18:07:25, Features: [2.8882, 32.0, 4.6103896103896105, 1.0064935064935066, 550.0, 3.571428571428572, 38.72, -121.71], Actual Price: 1.5140
2025-03-16 18:07:26,745 - INFO - Sent Message ID: 25, Timestamp: 2025-03-16 18:07:26, Features: [2.4167, 22.0, 5.93886462882096, 1.2314410480349345, 808.0, 3.5283842794759823, 38.65, -121.7], Actual Price: 2.2500
2025-03-16 18:07:27,749 - INFO - Sent Message ID: 26, Timestamp: 2025-03-16 18:07:27, Features: [4.3487, 29.0, 5.930711610486892, 1.0262172284644195, 1554.0, 2.9101123595505616, 38.65, -121.84], Actual Price: 2.0070
2025-03-16 18:07:28,753 - INFO - Sent Message ID: 27, Timestamp: 2025-03-16 18:07:28, Features: [5.3064, 15.0, 6.423584905660378, 0.9924528301886792, 3060.0, 2.8867924528301887, 38.66, -121.79], Actual Price: 1.6500
2025-03-16 18:07:29,757 - INFO - Sent Message ID: 28, Timestamp: 2025-03-16 18:07:29, Features: [4.8226, 18.0, 6.589703588143526, 0.9859594383775352, 1907.0, 2.9750390015600625, 38.66, -121.78], Actual Price: 1.3990
2025-03-16 18:07:30,762 - INFO - Sent Message ID: 29, Timestamp: 2025-03-16 18:07:30, Features: [4.1997, 17.0, 5.732758620689655, 1.0603448275862069, 2866.0, 3.0883620689655173, 38.66, -121.76], Actual Price: 1.3340
2025-03-16 18:07:31,767 - INFO - Sent Message ID: 30, Timestamp: 2025-03-16 18:07:31, Features: [3.2222, 6.0, 4.821428571428571, 1.0324675324675323, 894.0, 2.9025974025974026, 38.54, -121.96], Actual Price: 1.3960
2025-03-16 18:07:32,772 - INFO - Sent Message ID: 31, Timestamp: 2025-03-16 18:07:32, Features: [3.4186, 6.0, 5.66256157635468, 1.0270935960591132, 2561.0, 3.153940886699508, 38.53, -121.99], Actual Price: 1.2730
2025-03-16 18:07:33,777 - INFO - Sent Message ID: 32, Timestamp: 2025-03-16 18:07:33, Features: [2.7989, 27.0, 5.9221789883268485, 1.0992217898832686, 1583.0, 3.0797665369649807, 38.52, -121.98], Actual Price: 1.2670
2025-03-16 18:07:34,782 - INFO - Sent Message ID: 33, Timestamp: 2025-03-16 18:07:34, Features: [5.679, 20.0, 6.401273885350318, 1.070063694267516, 457.0, 2.910828025477707, 38.56, -122.05], Actual Price: 2.2500
2025-03-16 18:07:35,789 - INFO - Sent Message ID: 34, Timestamp: 2025-03-16 18:07:35, Features: [1.9327, 10.0, 5.789473684210527, 1.0789473684210529, 898.0, 3.93859649122807, 38.57, -121.92], Actual Price: 1.9380
2025-03-16 18:07:36,794 - INFO - Sent Message ID: 35, Timestamp: 2025-03-16 18:07:36, Features: [3.75, 38.0, 5.275229357798165, 0.981651376146789, 259.0, 2.376146788990826, 38.72, -121.9], Actual Price: 1.8750
2025-03-16 18:07:37,800 - INFO - Sent Message ID: 36, Timestamp: 2025-03-16 18:07:37, Features: [3.4187, 26.0, 5.230769230769231, 0.9423076923076924, 194.0, 3.730769230769231, 38.83, -122.0], Actual Price: 0.9840
2025-03-16 18:07:38,805 - INFO - Sent Message ID: 37, Timestamp: 2025-03-16 18:07:38, Features: [2.5478, 15.0, 5.394833948339484, 1.1586715867158672, 774.0, 2.856088560885609, 38.89, -121.94], Actual Price: 0.9170
2025-03-16 18:07:39,809 - INFO - Sent Message ID: 38, Timestamp: 2025-03-16 18:07:39, Features: [2.8542, 37.0, 5.253731343283582, 0.9701492537313432, 238.0, 3.5522388059701493, 38.84, -121.81], Actual Price: 2.7500
2025-03-16 18:07:40,814 - INFO - Sent Message ID: 39, Timestamp: 2025-03-16 18:07:40, Features: [1.9559, 36.0, 5.626315789473685, 1.2, 567.0, 2.9842105263157896, 38.8, -121.72], Actual Price: 0.7840
2025-03-16 18:07:41,820 - INFO - Sent Message ID: 40, Timestamp: 2025-03-16 18:07:41, Features: [2.8365, 32.0, 5.371900826446281, 1.0606060606060606, 1145.0, 3.1542699724517904, 38.76, -121.77], Actual Price: 0.8790
2025-03-16 18:07:42,825 - INFO - Sent Message ID: 41, Timestamp: 2025-03-16 18:07:42, Features: [3.1534, 20.0, 5.444976076555024, 1.0574162679425838, 459.0, 2.196172248803828, 38.83, -122.21], Actual Price: 1.2340
2025-03-16 18:07:43,830 - INFO - Sent Message ID: 42, Timestamp: 2025-03-16 18:07:43, Features: [3.7574, 33.0, 6.135678391959799, 1.185929648241206, 488.0, 2.4522613065326637, 38.9, -122.16], Actual Price: 0.9270
2025-03-16 18:07:44,834 - INFO - Sent Message ID: 43, Timestamp: 2025-03-16 18:07:44, Features: [3.875, 31.0, 4.416666666666667, 0.8809523809523809, 208.0, 2.4761904761904763, 38.73, -122.0], Actual Price: 1.3750
2025-03-16 18:07:45,836 - INFO - Sent Message ID: 44, Timestamp: 2025-03-16 18:07:45, Features: [3.3472, 19.0, 5.802752293577981, 1.0458715596330277, 755.0, 3.463302752293578, 38.65, -121.95], Actual Price: 0.6980
2025-03-16 18:07:46,839 - INFO - Sent Message ID: 45, Timestamp: 2025-03-16 18:07:46, Features: [3.0486, 26.0, 4.756410256410256, 0.9487179487179488, 689.0, 2.9444444444444446, 38.68, -122.04], Actual Price: 0.8360
2025-03-16 18:07:47,843 - INFO - Sent Message ID: 46, Timestamp: 2025-03-16 18:07:47, Features: [2.7955, 23.0, 5.442424242424242, 1.1515151515151516, 939.0, 2.845454545454545, 38.69, -122.03], Actual Price: 0.9630
2025-03-16 18:07:48,849 - INFO - Sent Message ID: 47, Timestamp: 2025-03-16 18:07:48, Features: [1.5208, 19.0, 4.517799352750809, 1.087378640776699, 940.0, 3.042071197411003, 39.15, -121.6], Actual Price: 0.7030
2025-03-16 18:07:49,855 - INFO - Sent Message ID: 48, Timestamp: 2025-03-16 18:07:49, Features: [2.0474, 5.0, 4.378132118451025, 1.1138952164009113, 938.0, 2.1366742596810933, 39.15, -121.59], Actual Price: 0.6130
2025-03-16 18:07:50,860 - INFO - Sent Message ID: 49, Timestamp: 2025-03-16 18:07:50, Features: [1.6652, 48.0, 4.767379679144385, 1.0668449197860963, 938.0, 2.508021390374332, 39.15, -121.59], Actual Price: 0.5890
2025-03-16 18:07:51,865 - INFO - Sent Message ID: 50, Timestamp: 2025-03-16 18:07:51, Features: [1.684, 41.0, 4.226628895184136, 0.9915014164305948, 804.0, 2.2776203966005664, 39.14, -121.59], Actual Price: 0.7130
2025-03-16 18:07:52,869 - INFO - Sent Message ID: 51, Timestamp: 2025-03-16 18:07:52, Features: [1.4946, 34.0, 4.340694006309148, 1.1861198738170349, 702.0, 2.214511041009464, 39.15, -121.58], Actual Price: 0.5550
2025-03-16 18:07:53,873 - INFO - Sent Message ID: 52, Timestamp: 2025-03-16 18:07:53, Features: [0.8928, 52.0, 4.442953020134228, 1.0738255033557047, 520.0, 3.48993288590604, 39.14, -121.58], Actual Price: 0.5500
2025-03-16 18:07:54,877 - INFO - Sent Message ID: 53, Timestamp: 2025-03-16 18:07:54, Features: [3.3611, 36.0, 5.911764705882353, 0.965686274509804, 537.0, 2.6323529411764706, 39.16, -121.58], Actual Price: 0.7980
2025-03-16 18:07:55,882 - INFO - Sent Message ID: 54, Timestamp: 2025-03-16 18:07:55, Features: [3.725, 21.0, 6.219269102990033, 1.0033222591362123, 870.0, 2.8903654485049834, 39.16, -121.57], Actual Price: 0.8470
2025-03-16 18:07:56,887 - INFO - Sent Message ID: 55, Timestamp: 2025-03-16 18:07:56, Features: [2.9647, 12.0, 5.410339256865913, 1.037156704361874, 2029.0, 3.2778675282714054, 39.16, -121.56], Actual Price: 0.8880
2025-03-16 18:07:57,890 - INFO - Sent Message ID: 56, Timestamp: 2025-03-16 18:07:57, Features: [2.6964, 33.0, 6.16060606060606, 1.1363636363636365, 914.0, 2.769696969696969, 39.16, -121.57], Actual Price: 0.6850
2025-03-16 18:07:58,894 - INFO - Sent Message ID: 57, Timestamp: 2025-03-16 18:07:58, Features: [2.1111, 33.0, 4.927272727272728, 0.9818181818181818, 888.0, 2.3064935064935064, 39.16, -121.58], Actual Price: 0.6870
2025-03-16 18:07:59,899 - INFO - Sent Message ID: 58, Timestamp: 2025-03-16 18:07:59, Features: [1.9122, 38.0, 4.379052369077307, 0.9875311720698254, 837.0, 2.0872817955112217, 39.15, -121.58], Actual Price: 0.5550
2025-03-16 18:08:00,904 - INFO - Sent Message ID: 59, Timestamp: 2025-03-16 18:08:00, Features: [1.5827, 35.0, 5.273838630806846, 1.078239608801956, 1009.0, 2.466992665036675, 39.16, -121.56], Actual Price: 0.6300
2025-03-16 18:08:01,909 - INFO - Sent Message ID: 60, Timestamp: 2025-03-16 18:08:01, Features: [3.1029, 18.0, 4.945454545454545, 1.112121212121212, 769.0, 2.33030303030303, 39.16, -121.57], Actual Price: 0.7170
2025-03-16 18:08:02,914 - INFO - Sent Message ID: 61, Timestamp: 2025-03-16 18:08:02, Features: [1.5694, 30.0, 5.0227272727272725, 1.1704545454545454, 413.0, 4.693181818181818, 39.13, -121.57], Actual Price: 0.5790
2025-03-16 18:08:03,920 - INFO - Sent Message ID: 62, Timestamp: 2025-03-16 18:08:03, Features: [1.5085, 17.0, 4.051601423487544, 1.0818505338078293, 1607.0, 2.8594306049822062, 39.13, -121.56], Actual Price: 0.6970
2025-03-16 18:08:04,923 - INFO - Sent Message ID: 63, Timestamp: 2025-03-16 18:08:04, Features: [1.3375, 18.0, 4.567625133120341, 1.0873269435569757, 2707.0, 2.8828541001064965, 39.13, -121.54], Actual Price: 0.5960
2025-03-16 18:08:05,928 - INFO - Sent Message ID: 64, Timestamp: 2025-03-16 18:08:05, Features: [2.3496, 17.0, 4.5513918629550325, 0.9625267665952892, 3265.0, 3.4957173447537477, 39.12, -121.54], Actual Price: 0.6500
2025-03-16 18:08:06,933 - INFO - Sent Message ID: 65, Timestamp: 2025-03-16 18:08:06, Features: [1.8355, 26.0, 4.424050632911392, 0.995253164556962, 2017.0, 3.191455696202532, 39.12, -121.58], Actual Price: 0.6120
2025-03-16 18:08:07,938 - INFO - Sent Message ID: 66, Timestamp: 2025-03-16 18:08:07, Features: [2.08, 30.0, 5.140316205533597, 1.0553359683794463, 1702.0, 3.363636363636364, 39.12, -121.57], Actual Price: 0.5660
2025-03-16 18:08:08,944 - INFO - Sent Message ID: 67, Timestamp: 2025-03-16 18:08:08, Features: [1.8413, 28.0, 5.041958041958042, 1.1643356643356644, 832.0, 2.909090909090909, 39.1, -121.57], Actual Price: 0.6230
2025-03-16 18:08:09,948 - INFO - Sent Message ID: 68, Timestamp: 2025-03-16 18:08:09, Features: [1.7167, 24.0, 5.4, 1.273170731707317, 768.0, 3.7463414634146335, 39.1, -121.59], Actual Price: 0.4880
2025-03-16 18:08:10,953 - INFO - Sent Message ID: 69, Timestamp: 2025-03-16 18:08:10, Features: [2.3011, 18.0, 4.856823266219239, 1.0738255033557047, 1527.0, 3.416107382550336, 39.11, -121.56], Actual Price: 0.5750
2025-03-16 18:08:11,958 - INFO - Sent Message ID: 70, Timestamp: 2025-03-16 18:08:11, Features: [1.3631, 28.0, 4.851936218678816, 1.10250569476082, 1195.0, 2.722095671981777, 39.1, -121.56], Actual Price: 0.4550
2025-03-16 18:08:12,964 - INFO - Sent Message ID: 71, Timestamp: 2025-03-16 18:08:12, Features: [1.2857, 27.0, 4.359413202933985, 1.078239608801956, 1163.0, 2.843520782396088, 39.1, -121.55], Actual Price: 0.4700
2025-03-16 18:08:13,968 - INFO - Sent Message ID: 72, Timestamp: 2025-03-16 18:08:13, Features: [1.4934, 26.0, 5.157303370786517, 1.0823970037453183, 761.0, 2.850187265917603, 39.08, -121.56], Actual Price: 0.4830
2025-03-16 18:08:14,973 - INFO - Sent Message ID: 73, Timestamp: 2025-03-16 18:08:14, Features: [1.4958, 31.0, 4.5, 0.9505208333333334, 1167.0, 3.0390625, 39.09, -121.55], Actual Price: 0.5340
2025-03-16 18:08:15,979 - INFO - Sent Message ID: 74, Timestamp: 2025-03-16 18:08:15, Features: [2.4695, 26.0, 4.801687763713081, 0.9704641350210972, 1455.0, 3.069620253164557, 39.08, -121.54], Actual Price: 0.5800
2025-03-16 18:08:16,985 - INFO - Sent Message ID: 75, Timestamp: 2025-03-16 18:08:16, Features: [2.3598, 23.0, 5.461928934010152, 1.0964467005076142, 724.0, 3.6751269035532994, 39.08, -121.54], Actual Price: 0.5750
2025-03-16 18:08:17,990 - INFO - Sent Message ID: 76, Timestamp: 2025-03-16 18:08:17, Features: [2.0469, 15.0, 4.826666666666667, 1.176, 1157.0, 3.0853333333333333, 39.08, -121.53], Actual Price: 0.5510
2025-03-16 18:08:18,995 - INFO - Sent Message ID: 77, Timestamp: 2025-03-16 18:08:18, Features: [3.3021, 20.0, 4.921052631578948, 0.956140350877193, 308.0, 2.701754385964912, 39.06, -121.53], Actual Price: 0.7080
2025-03-16 18:08:20,001 - INFO - Sent Message ID: 78, Timestamp: 2025-03-16 18:08:19, Features: [2.25, 25.0, 5.893805309734513, 1.092920353982301, 726.0, 3.2123893805309733, 39.06, -121.55], Actual Price: 0.6340
2025-03-16 18:08:21,006 - INFO - Sent Message ID: 79, Timestamp: 2025-03-16 18:08:21, Features: [2.7303, 22.0, 6.388513513513513, 1.148648648648649, 1023.0, 3.456081081081081, 39.01, -121.56], Actual Price: 0.9910
2025-03-16 18:08:22,009 - INFO - Sent Message ID: 80, Timestamp: 2025-03-16 18:08:22, Features: [4.5625, 40.0, 4.125, 0.8541666666666666, 151.0, 3.145833333333333, 39.05, -121.48], Actual Price: 1.0000
2025-03-16 18:08:23,013 - INFO - Sent Message ID: 81, Timestamp: 2025-03-16 18:08:23, Features: [2.3661, 37.0, 7.923566878980892, 1.5732484076433122, 484.0, 3.082802547770701, 39.01, -121.47], Actual Price: 0.7750
2025-03-16 18:08:24,018 - INFO - Sent Message ID: 82, Timestamp: 2025-03-16 18:08:24, Features: [2.4167, 20.0, 4.808917197452229, 0.9363057324840764, 457.0, 2.910828025477707, 39.0, -121.44], Actual Price: 0.6700
2025-03-16 18:08:25,023 - INFO - Sent Message ID: 83, Timestamp: 2025-03-16 18:08:25, Features: [2.8235, 32.0, 5.101321585903084, 1.0748898678414096, 598.0, 2.6343612334801763, 39.03, -121.37], Actual Price: 0.6550
2025-03-16 18:08:26,028 - INFO - Sent Message ID: 84, Timestamp: 2025-03-16 18:08:26, Features: [3.0739, 16.0, 5.835051546391752, 1.0309278350515465, 731.0, 2.5120274914089347, 39.04, -121.41], Actual Price: 0.8720
2025-03-16 18:08:27,033 - INFO - Sent Message ID: 85, Timestamp: 2025-03-16 18:08:27, Features: [4.125, 37.0, 7.285714285714286, 1.2142857142857142, 29.0, 2.071428571428572, 39.12, -121.52], Actual Price: 0.7200
2025-03-16 18:08:28,038 - INFO - Sent Message ID: 86, Timestamp: 2025-03-16 18:08:28, Features: [2.1667, 36.0, 6.573099415204679, 1.0760233918128654, 504.0, 2.9473684210526314, 39.18, -121.43], Actual Price: 0.9380
2025-03-16 18:08:29,043 - INFO - Sent Message ID: 87, Timestamp: 2025-03-16 18:08:29, Features: [3.0, 5.0, 6.067796610169491, 1.1016949152542372, 169.0, 2.864406779661017, 39.13, -121.32], Actual Price: 1.6250
2025-03-16 18:08:30,049 - INFO - Sent Message ID: 88, Timestamp: 2025-03-16 18:08:30, Features: [2.5952, 19.0, 5.2384615384615385, 1.0794871794871794, 1018.0, 2.6102564102564103, 39.1, -121.48], Actual Price: 0.9240
2025-03-16 18:08:31,053 - INFO - Sent Message ID: 89, Timestamp: 2025-03-16 18:08:31, Features: [2.0943, 28.0, 5.51980198019802, 1.020902090209021, 6912.0, 3.801980198019802, 39.12, -121.39], Actual Price: 1.0830
2025-03-16 18:08:32,058 - INFO - Sent Message ID: 90, Timestamp: 2025-03-16 18:08:32, Features: [3.5673, 11.0, 5.932584269662922, 1.1348314606741574, 1257.0, 2.824719101123596, 39.29, -121.32], Actual Price: 1.1200
2025-03-16 18:08:33,063 - INFO - Sent Message ID: 91, Timestamp: 2025-03-16 18:08:33, Features: [3.5179, 15.0, 6.145833333333333, 1.1412037037037035, 1200.0, 2.7777777777777777, 39.33, -121.4], Actual Price: 1.0720
2025-03-16 18:08:34,069 - INFO - Sent Message ID: 92, Timestamp: 2025-03-16 18:08:34, Features: [3.125, 15.0, 6.023376623376623, 1.0805194805194804, 1047.0, 2.7194805194805194, 39.26, -121.45], Actual Price: 1.1560
2025-03-16 18:08:35,074 - INFO - Sent Message ID: 93, Timestamp: 2025-03-16 18:08:35, Features: [2.5495, 27.0, 5.445026178010472, 1.0785340314136125, 1082.0, 2.832460732984293, 39.19, -121.53], Actual Price: 0.9830
2025-03-16 18:08:36,077 - INFO - Sent Message ID: 94, Timestamp: 2025-03-16 18:08:36, Features: [3.7125, 28.0, 6.77906976744186, 1.1482558139534884, 1041.0, 3.0261627906976742, 39.27, -121.56], Actual Price: 1.1680
2025-03-16 18:08:37,081 - INFO - Sent Message ID: 95, Timestamp: 2025-03-16 18:08:37, Features: [1.5603, 25.0, 5.045454545454546, 1.1333333333333333, 845.0, 2.560606060606061, 39.48, -121.09], Actual Price: 0.7810
2025-03-16 18:08:38,086 - INFO - Sent Message ID: 96, Timestamp: 2025-03-16 18:08:38, Features: [2.5568, 18.0, 6.114035087719298, 1.3157894736842106, 356.0, 3.12280701754386, 39.49, -121.21], Actual Price: 0.7710
2025-03-16 18:08:39,091 - INFO - Sent Message ID: 97, Timestamp: 2025-03-16 18:08:39, Features: [1.7, 17.0, 5.20554272517321, 1.120092378752887, 1007.0, 2.325635103926097, 39.43, -121.22], Actual Price: 0.9230
2025-03-16 18:08:40,095 - INFO - Sent Message ID: 98, Timestamp: 2025-03-16 18:08:40, Features: [1.8672, 18.0, 5.329512893982808, 1.171919770773639, 741.0, 2.123209169054441, 39.43, -121.32], Actual Price: 0.8470
2025-03-16 18:08:41,100 - INFO - Sent Message ID: 99, Timestamp: 2025-03-16 18:08:41, Features: [2.3886, 16.0, 5.254716981132075, 1.1622641509433962, 1387.0, 2.616981132075472, 39.37, -121.24], Actual Price: 0.8940
2025-03-16 18:08:42,104 - INFO - <BrokerConnection client_id=kafka-python-producer-12, node_id=0 host=system:9092 <connected> [IPv4 ('127.0.1.1', 9092)]>: Closing connection. 
2025-03-16 18:08:42,107 - INFO - 
Data Streaming Completed: 100 messages sent to Kafka!
2025-03-16 18:08:42,108 - INFO - All logs are saved in: producer_logs.log
